<?xml version="1.0" encoding="UTF-8"?>
<!-- Generated by org.testng.reporters.JUnitXMLReporter -->
<testsuite hostname="DESKTOP-MJI0P0T" ignored="0" name="FB Logo and Title Test" tests="2" failures="0" timestamp="14 Jul 2020 06:42:05 GMT" time="21.176" errors="0">
  <testcase name="logoTest" time="0.112" classname="Java.SeleniumPractice.TestNGVerbose_Concept"/>
  <testcase name="fbTitleTest" time="0.047" classname="Java.SeleniumPractice.TestNGVerbose_Concept"/>
</testsuite> <!-- FB Logo and Title Test -->
