<?xml version="1.0" encoding="UTF-8"?>
<!-- Generated by org.testng.reporters.JUnitXMLReporter -->
<testsuite hostname="DESKTOP-MJI0P0T" ignored="0" name="FB Logo and Title Test" tests="2" failures="0" timestamp="06 Aug 2020 11:40:30 GMT" time="61.349" errors="0">
  <testcase name="logoTest" time="1.045" classname="Java.SeleniumPractice.TestNGVerbose_Concept"/>
  <testcase name="fbTitleTest" time="0.033" classname="Java.SeleniumPractice.TestNGVerbose_Concept"/>
</testsuite> <!-- FB Logo and Title Test -->
