<?xml version="1.0" encoding="UTF-8"?>
<!-- Generated by org.testng.reporters.JUnitXMLReporter -->
<testsuite hostname="DESKTOP-MJI0P0T" ignored="0" name="Default test" tests="3" failures="0" timestamp="06 Aug 2020 11:48:50 GMT" time="0.106" errors="0">
  <testcase name="googleLogoTest" time="0.014" classname="Java.SeleniumPractice.TestNGBasics"/>
  <testcase name="googleTitleTest" time="0.006" classname="Java.SeleniumPractice.TestNGBasics"/>
  <testcase name="searchTest" time="0.004" classname="Java.SeleniumPractice.TestNGBasics"/>
</testsuite> <!-- Default test -->
