<?xml version="1.0" encoding="UTF-8"?>
<testng-results skipped="0" failed="0" ignored="0" total="1" passed="1">
  <reporter-output>
  </reporter-output>
  <suite name="Default suite" duration-ms="13866" started-at="2020-06-09T11:27:21Z" finished-at="2020-06-09T11:27:35Z">
    <groups>
    </groups>
    <test name="Default test" duration-ms="13866" started-at="2020-06-09T11:27:21Z" finished-at="2020-06-09T11:27:35Z">
      <class name="Java.SeleniumPractice.PageTest">
        <test-method status="PASS" signature="setUp()[pri:0, instance:Java.SeleniumPractice.PageTest@72d818d1]" name="setUp" is-config="true" duration-ms="9947" started-at="2020-06-09T11:27:21Z" finished-at="2020-06-09T11:27:31Z">
          <reporter-output>
          </reporter-output>
        </test-method> <!-- setUp -->
        <test-method status="PASS" signature="testMethod1()[pri:0, instance:Java.SeleniumPractice.PageTest@72d818d1]" name="testMethod1" duration-ms="3061" started-at="2020-06-09T11:27:31Z" finished-at="2020-06-09T11:27:34Z">
          <reporter-output>
          </reporter-output>
        </test-method> <!-- testMethod1 -->
        <test-method status="PASS" signature="tearDown()[pri:0, instance:Java.SeleniumPractice.PageTest@72d818d1]" name="tearDown" is-config="true" duration-ms="777" started-at="2020-06-09T11:27:34Z" finished-at="2020-06-09T11:27:35Z">
          <reporter-output>
          </reporter-output>
        </test-method> <!-- tearDown -->
      </class> <!-- Java.SeleniumPractice.PageTest -->
    </test> <!-- Default test -->
  </suite> <!-- Default suite -->
</testng-results>
